<?xml version="1.0" encoding="UTF-8"?>
<!-- Generated by org.testng.reporters.JUnitReportReporter -->
<testsuite hostname="DESKTOP-4L6TF0K" failures="0" tests="3" name="Swaglab.randomitems" time="0.614" errors="0" timestamp="2025-09-13T22:30:24 EET" skipped="1">
  <testcase classname="Swaglab.randomitems" name="loginnormaluser" time="0.364"/>
  <testcase classname="Swaglab.randomitems" name="threerandom" time="0.250"/>
  <testcase classname="Swaglab.randomitems" name="randomitems">
    <skipped/>
  </testcase> <!-- randomitems -->
</testsuite> <!-- Swaglab.randomitems -->
