<?xml version="1.0" encoding="UTF-8"?>
<!-- Generated by org.testng.reporters.JUnitReportReporter -->
<testsuite hostname="DESKTOP-4L6TF0K" failures="0" tests="1" name="firstproject.mytest" time="0.973" errors="0" timestamp="2025-09-07T18:08:47 EET" skipped="0">
  <testcase classname="firstproject.mytest" name="Mytest" time="0.973"/>
</testsuite> <!-- firstproject.mytest -->
